<?xml version="1.0" encoding="UTF-8"?>
<!-- Generated by org.testng.reporters.JUnitReportReporter -->
<testsuite skipped="0" hostname="LAPTOP-KNMIT4O9" name="MagentoTest" tests="1" failures="0" timestamp="13 Oct 2018 06:28:20 GMT" time="129.787" errors="0">
  <testcase name="posCredentials" time="129.787" classname="MagentoTest"/>
</testsuite> <!-- MagentoTest -->
